# JRE version: Java(TM) SE Runtime Environment (17.0.12+8) (build 17.0.12+8-LTS-286)
# Java VM: Java HotSpot(TM) 64-Bit Server VM (17.0.12+8-LTS-286, mixed mode, sharing, tiered, compressed oops, compressed class ptrs, g1 gc, windows-amd64)
GC Precious Log:
 CPUs: 8 total, 8 available
 Memory: 32725M
 Large Page Support: Disabled
 NUMA Support: Disabled
 Compressed Oops: Enabled (Zero based)
 Heap Region Size: 2M
 Heap Min Capacity: 8M
 Heap Initial Capacity: 512M
 Heap Max Capacity: 3G
 Pre-touch: Disabled
 Parallel Workers: 8
 Concurrent Workers: 2
 Concurrent Refinement Workers: 8
 Periodic GC: Disabled
Heap:
 garbage-first heap   total 466944K, used 221184K [0x0000000740000000, 0x0000000800000000)
  region size 2048K, 15 young (30720K), 10 survivors (20480K)
 Metaspace       used 73866K, committed 74496K, reserved 1114112K
  class space    used 10274K, committed 10560K, reserved 1048576K
GC Heap History (20 events):
Event: 4.000 GC heap before
{Heap before GC invocations=8 (full 0):
 garbage-first heap   total 96256K, used 58620K [0x0000000740000000, 0x0000000800000000)
  region size 2048K, 17 young (34816K), 3 survivors (6144K)
 Metaspace       used 35810K, committed 36160K, reserved 1114112K
  class space    used 5006K, committed 5184K, reserved 1048576K
}
Event: 4.004 GC heap after
{Heap after GC invocations=9 (full 0):
 garbage-first heap   total 96256K, used 31436K [0x0000000740000000, 0x0000000800000000)
  region size 2048K, 2 young (4096K), 2 survivors (4096K)
 Metaspace       used 35810K, committed 36160K, reserved 1114112K
  class space    used 5006K, committed 5184K, reserved 1048576K
}
Event: 4.458 GC heap before
{Heap before GC invocations=10 (full 0):
 garbage-first heap   total 96256K, used 70348K [0x0000000740000000, 0x0000000800000000)
  region size 2048K, 21 young (43008K), 2 survivors (4096K)
 Metaspace       used 38955K, committed 39424K, reserved 1114112K
  class space    used 5540K, committed 5760K, reserved 1048576K
}
Event: 4.462 GC heap after
{Heap after GC invocations=11 (full 0):
 garbage-first heap   total 96256K, used 33997K [0x0000000740000000, 0x0000000800000000)
  region size 2048K, 3 young (6144K), 3 survivors (6144K)
 Metaspace       used 38955K, committed 39424K, reserved 1114112K
  class space    used 5540K, committed 5760K, reserved 1048576K
}
Event: 4.471 GC heap before
{Heap before GC invocations=11 (full 0):
 garbage-first heap   total 96256K, used 36045K [0x0000000740000000, 0x0000000800000000)
  region size 2048K, 4 young (8192K), 3 survivors (6144K)
 Metaspace       used 38962K, committed 39424K, reserved 1114112K
  class space    used 5541K, committed 5760K, reserved 1048576K
}
Event: 4.476 GC heap after
{Heap after GC invocations=12 (full 0):
 garbage-first heap   total 311296K, used 33951K [0x0000000740000000, 0x0000000800000000)
  region size 2048K, 1 young (2048K), 1 survivors (2048K)
 Metaspace       used 38962K, committed 39424K, reserved 1114112K
  class space    used 5541K, committed 5760K, reserved 1048576K
}
Event: 6.542 GC heap before
{Heap before GC invocations=12 (full 0):
 garbage-first heap   total 311296K, used 220319K [0x0000000740000000, 0x0000000800000000)
  region size 2048K, 91 young (186368K), 1 survivors (2048K)
 Metaspace       used 57460K, committed 57984K, reserved 1114112K
  class space    used 7986K, committed 8192K, reserved 1048576K
}
Event: 6.550 GC heap after
{Heap after GC invocations=13 (full 0):
 garbage-first heap   total 311296K, used 46598K [0x0000000740000000, 0x0000000800000000)
  region size 2048K, 6 young (12288K), 6 survivors (12288K)
 Metaspace       used 57460K, committed 57984K, reserved 1114112K
  class space    used 7986K, committed 8192K, reserved 1048576K
}
Event: 7.033 GC heap before
{Heap before GC invocations=13 (full 0):
 garbage-first heap   total 311296K, used 130566K [0x0000000740000000, 0x0000000800000000)
  region size 2048K, 42 young (86016K), 6 survivors (12288K)
 Metaspace       used 60168K, committed 60736K, reserved 1114112K
  class space    used 8397K, committed 8704K, reserved 1048576K
}
Event: 7.043 GC heap after
{Heap after GC invocations=14 (full 0):
 garbage-first heap   total 311296K, used 52847K [0x0000000740000000, 0x0000000800000000)
  region size 2048K, 9 young (18432K), 9 survivors (18432K)
 Metaspace       used 60168K, committed 60736K, reserved 1114112K
  class space    used 8397K, committed 8704K, reserved 1048576K
}
Event: 7.865 GC heap before
{Heap before GC invocations=15 (full 0):
 garbage-first heap   total 198656K, used 175727K [0x0000000740000000, 0x0000000800000000)
  region size 2048K, 30 young (61440K), 9 survivors (18432K)
 Metaspace       used 63118K, committed 63808K, reserved 1114112K
  class space    used 8764K, committed 9088K, reserved 1048576K
}
Event: 7.876 GC heap after
{Heap after GC invocations=16 (full 0):
 garbage-first heap   total 202752K, used 56122K [0x0000000740000000, 0x0000000800000000)
  region size 2048K, 5 young (10240K), 5 survivors (10240K)
 Metaspace       used 63118K, committed 63808K, reserved 1114112K
  class space    used 8764K, committed 9088K, reserved 1048576K
}
Event: 7.903 GC heap before
{Heap before GC invocations=16 (full 0):
 garbage-first heap   total 202752K, used 58170K [0x0000000740000000, 0x0000000800000000)
  region size 2048K, 6 young (12288K), 5 survivors (10240K)
 Metaspace       used 63343K, committed 63936K, reserved 1114112K
  class space    used 8811K, committed 9088K, reserved 1048576K
}
Event: 7.910 GC heap after
{Heap after GC invocations=17 (full 0):
 garbage-first heap   total 202752K, used 57398K [0x0000000740000000, 0x0000000800000000)
  region size 2048K, 1 young (2048K), 1 survivors (2048K)
 Metaspace       used 63343K, committed 63936K, reserved 1114112K
  class space    used 8811K, committed 9088K, reserved 1048576K
}
Event: 9.019 GC heap before
{Heap before GC invocations=17 (full 0):
 garbage-first heap   total 202752K, used 182326K [0x0000000740000000, 0x0000000800000000)
  region size 2048K, 48 young (98304K), 1 survivors (2048K)
 Metaspace       used 66327K, committed 66944K, reserved 1114112K
  class space    used 9287K, committed 9600K, reserved 1048576K
}
Event: 9.034 GC heap after
{Heap after GC invocations=18 (full 0):
 garbage-first heap   total 219136K, used 93449K [0x0000000740000000, 0x0000000800000000)
  region size 2048K, 7 young (14336K), 7 survivors (14336K)
 Metaspace       used 66327K, committed 66944K, reserved 1114112K
  class space    used 9287K, committed 9600K, reserved 1048576K
}
Event: 9.128 GC heap before
{Heap before GC invocations=18 (full 0):
 garbage-first heap   total 219136K, used 156937K [0x0000000740000000, 0x0000000800000000)
  region size 2048K, 38 young (77824K), 7 survivors (14336K)
 Metaspace       used 66334K, committed 67008K, reserved 1114112K
  class space    used 9287K, committed 9600K, reserved 1048576K
}
Event: 9.149 GC heap after
{Heap after GC invocations=19 (full 0):
 garbage-first heap   total 466944K, used 133480K [0x0000000740000000, 0x0000000800000000)
  region size 2048K, 5 young (10240K), 5 survivors (10240K)
 Metaspace       used 66334K, committed 67008K, reserved 1114112K
  class space    used 9287K, committed 9600K, reserved 1048576K
}
Event: 10.327 GC heap before
{Heap before GC invocations=19 (full 0):
 garbage-first heap   total 466944K, used 325992K [0x0000000740000000, 0x0000000800000000)
  region size 2048K, 78 young (159744K), 5 survivors (10240K)
 Metaspace       used 73831K, committed 74496K, reserved 1114112K
  class space    used 10273K, committed 10560K, reserved 1048576K
}
Event: 10.368 GC heap after
{Heap after GC invocations=20 (full 0):
 garbage-first heap   total 466944K, used 210944K [0x0000000740000000, 0x0000000800000000)
  region size 2048K, 10 young (20480K), 10 survivors (20480K)
 Metaspace       used 73831K, committed 74496K, reserved 1114112K
  class space    used 10273K, committed 10560K, reserved 1048576K
}

