# JRE version: Java(TM) SE Runtime Environment (17.0.12+8) (build 17.0.12+8-LTS-286)
# Java VM: Java HotSpot(TM) 64-Bit Server VM (17.0.12+8-LTS-286, mixed mode, sharing, tiered, compressed oops, compressed class ptrs, g1 gc, windows-amd64)
GC Precious Log:
 CPUs: 8 total, 8 available
 Memory: 32725M
 Large Page Support: Disabled
 NUMA Support: Disabled
 Compressed Oops: Enabled (Zero based)
 Heap Region Size: 2M
 Heap Min Capacity: 8M
 Heap Initial Capacity: 512M
 Heap Max Capacity: 3G
 Pre-touch: Disabled
 Parallel Workers: 8
 Concurrent Workers: 2
 Concurrent Refinement Workers: 8
 Periodic GC: Disabled
Heap:
 garbage-first heap   total 638976K, used 328233K [0x0000000740000000, 0x0000000800000000)
  region size 2048K, 55 young (112640K), 1 survivors (2048K)
 Metaspace       used 68895K, committed 69568K, reserved 1114112K
  class space    used 9650K, committed 9984K, reserved 1048576K
GC Heap History (20 events):
Event: 7.380 GC heap before
{Heap before GC invocations=12 (full 0):
 garbage-first heap   total 96256K, used 70808K [0x0000000740000000, 0x0000000800000000)
  region size 2048K, 19 young (38912K), 3 survivors (6144K)
 Metaspace       used 46303K, committed 46848K, reserved 1114112K
  class space    used 6488K, committed 6720K, reserved 1048576K
}
Event: 7.385 GC heap after
{Heap after GC invocations=13 (full 0):
 garbage-first heap   total 96256K, used 41460K [0x0000000740000000, 0x0000000800000000)
  region size 2048K, 2 young (4096K), 2 survivors (4096K)
 Metaspace       used 46303K, committed 46848K, reserved 1114112K
  class space    used 6488K, committed 6720K, reserved 1048576K
}
Event: 8.705 GC heap before
{Heap before GC invocations=13 (full 0):
 garbage-first heap   total 96256K, used 76276K [0x0000000740000000, 0x0000000800000000)
  region size 2048K, 18 young (36864K), 2 survivors (4096K)
 Metaspace       used 53338K, committed 53888K, reserved 1114112K
  class space    used 7345K, committed 7616K, reserved 1048576K
}
Event: 8.710 GC heap after
{Heap after GC invocations=14 (full 0):
 garbage-first heap   total 311296K, used 47295K [0x0000000740000000, 0x0000000800000000)
  region size 2048K, 3 young (6144K), 3 survivors (6144K)
 Metaspace       used 53338K, committed 53888K, reserved 1114112K
  class space    used 7345K, committed 7616K, reserved 1048576K
}
Event: 9.753 GC heap before
{Heap before GC invocations=14 (full 0):
 garbage-first heap   total 311296K, used 157887K [0x0000000740000000, 0x0000000800000000)
  region size 2048K, 58 young (118784K), 3 survivors (6144K)
 Metaspace       used 59937K, committed 60480K, reserved 1114112K
  class space    used 8352K, committed 8640K, reserved 1048576K
}
Event: 9.763 GC heap after
{Heap after GC invocations=15 (full 0):
 garbage-first heap   total 311296K, used 55559K [0x0000000740000000, 0x0000000800000000)
  region size 2048K, 7 young (14336K), 7 survivors (14336K)
 Metaspace       used 59937K, committed 60480K, reserved 1114112K
  class space    used 8352K, committed 8640K, reserved 1048576K
}
Event: 10.663 GC heap before
{Heap before GC invocations=16 (full 0):
 garbage-first heap   total 225280K, used 125191K [0x0000000740000000, 0x0000000800000000)
  region size 2048K, 22 young (45056K), 7 survivors (14336K)
 Metaspace       used 62042K, committed 62656K, reserved 1114112K
  class space    used 8584K, committed 8896K, reserved 1048576K
}
Event: 10.671 GC heap after
{Heap after GC invocations=17 (full 0):
 garbage-first heap   total 225280K, used 58875K [0x0000000740000000, 0x0000000800000000)
  region size 2048K, 6 young (12288K), 6 survivors (12288K)
 Metaspace       used 62042K, committed 62656K, reserved 1114112K
  class space    used 8584K, committed 8896K, reserved 1048576K
}
Event: 10.857 GC heap before
{Heap before GC invocations=17 (full 0):
 garbage-first heap   total 225280K, used 108027K [0x0000000740000000, 0x0000000800000000)
  region size 2048K, 8 young (16384K), 6 survivors (12288K)
 Metaspace       used 62063K, committed 62720K, reserved 1114112K
  class space    used 8584K, committed 8896K, reserved 1048576K
}
Event: 10.863 GC heap after
{Heap after GC invocations=18 (full 0):
 garbage-first heap   total 225280K, used 58719K [0x0000000740000000, 0x0000000800000000)
  region size 2048K, 2 young (4096K), 2 survivors (4096K)
 Metaspace       used 62063K, committed 62720K, reserved 1114112K
  class space    used 8584K, committed 8896K, reserved 1048576K
}
Event: 12.975 GC heap before
{Heap before GC invocations=18 (full 0):
 garbage-first heap   total 225280K, used 204127K [0x0000000740000000, 0x0000000800000000)
  region size 2048K, 56 young (114688K), 2 survivors (4096K)
 Metaspace       used 66486K, committed 67136K, reserved 1114112K
  class space    used 9294K, committed 9600K, reserved 1048576K
}
Event: 12.991 GC heap after
{Heap after GC invocations=19 (full 0):
 garbage-first heap   total 243712K, used 92106K [0x0000000740000000, 0x0000000800000000)
  region size 2048K, 8 young (16384K), 8 survivors (16384K)
 Metaspace       used 66486K, committed 67136K, reserved 1114112K
  class space    used 9294K, committed 9600K, reserved 1048576K
}
Event: 13.084 GC heap before
{Heap before GC invocations=19 (full 0):
 garbage-first heap   total 243712K, used 178122K [0x0000000740000000, 0x0000000800000000)
  region size 2048K, 50 young (102400K), 8 survivors (16384K)
 Metaspace       used 66493K, committed 67136K, reserved 1114112K
  class space    used 9294K, committed 9600K, reserved 1048576K
}
Event: 13.112 GC heap after
{Heap after GC invocations=20 (full 0):
 garbage-first heap   total 251904K, used 146198K [0x0000000740000000, 0x0000000800000000)
  region size 2048K, 7 young (14336K), 7 survivors (14336K)
 Metaspace       used 66493K, committed 67136K, reserved 1114112K
  class space    used 9294K, committed 9600K, reserved 1048576K
}
Event: 13.158 GC heap before
{Heap before GC invocations=20 (full 0):
 garbage-first heap   total 251904K, used 181014K [0x0000000740000000, 0x0000000800000000)
  region size 2048K, 24 young (49152K), 7 survivors (14336K)
 Metaspace       used 66600K, committed 67264K, reserved 1114112K
  class space    used 9305K, committed 9600K, reserved 1048576K
}
Event: 13.177 GC heap after
{Heap after GC invocations=21 (full 0):
 garbage-first heap   total 251904K, used 172174K [0x0000000740000000, 0x0000000800000000)
  region size 2048K, 3 young (6144K), 3 survivors (6144K)
 Metaspace       used 66600K, committed 67264K, reserved 1114112K
  class space    used 9305K, committed 9600K, reserved 1048576K
}
Event: 13.219 GC heap before
{Heap before GC invocations=21 (full 0):
 garbage-first heap   total 251904K, used 190606K [0x0000000740000000, 0x0000000800000000)
  region size 2048K, 12 young (24576K), 3 survivors (6144K)
 Metaspace       used 66607K, committed 67264K, reserved 1114112K
  class space    used 9306K, committed 9600K, reserved 1048576K
}
Event: 13.237 GC heap after
{Heap after GC invocations=22 (full 0):
 garbage-first heap   total 251904K, used 187118K [0x0000000740000000, 0x0000000800000000)
  region size 2048K, 2 young (4096K), 2 survivors (4096K)
 Metaspace       used 66607K, committed 67264K, reserved 1114112K
  class space    used 9306K, committed 9600K, reserved 1048576K
}
Event: 13.277 GC heap before
{Heap before GC invocations=22 (full 0):
 garbage-first heap   total 251904K, used 199406K [0x0000000740000000, 0x0000000800000000)
  region size 2048K, 8 young (16384K), 2 survivors (4096K)
 Metaspace       used 66607K, committed 67264K, reserved 1114112K
  class space    used 9306K, committed 9600K, reserved 1048576K
}
Event: 13.298 GC heap after
{Heap after GC invocations=23 (full 0):
 garbage-first heap   total 638976K, used 197161K [0x0000000740000000, 0x0000000800000000)
  region size 2048K, 1 young (2048K), 1 survivors (2048K)
 Metaspace       used 66607K, committed 67264K, reserved 1114112K
  class space    used 9306K, committed 9600K, reserved 1048576K
}

